c:\serverforantivirus\serverforantivirus\x64\debug\vc143.pdb
c:\serverforantivirus\serverforantivirus\x64\debug\vc143.idb
c:\serverforantivirus\serverforantivirus\x64\debug\threadpool.obj
c:\serverforantivirus\serverforantivirus\x64\debug\server.obj
c:\serverforantivirus\serverforantivirus\x64\debug\main.obj
c:\serverforantivirus\serverforantivirus\x64\debug\getfile.obj
c:\serverforantivirus\serverforantivirus\x64\debug\calculatmd5.obj
c:\serverforantivirus\serverforantivirus\x64\debug\sqlite3.obj
c:\serverforantivirus\x64\debug\serverforantivirus.pdb
c:\serverforantivirus\serverforantivirus\x64\debug\serverfo.d853f388.tlog\cl.command.1.tlog
c:\serverforantivirus\serverforantivirus\x64\debug\serverfo.d853f388.tlog\cl.read.1.tlog
c:\serverforantivirus\serverforantivirus\x64\debug\serverfo.d853f388.tlog\cl.write.1.tlog
c:\serverforantivirus\serverforantivirus\x64\debug\serverfo.d853f388.tlog\link-cvtres.read.1.tlog
c:\serverforantivirus\serverforantivirus\x64\debug\serverfo.d853f388.tlog\link-cvtres.write.1.tlog
c:\serverforantivirus\serverforantivirus\x64\debug\serverfo.d853f388.tlog\link-rc.read.1.tlog
c:\serverforantivirus\serverforantivirus\x64\debug\serverfo.d853f388.tlog\link-rc.write.1.tlog
c:\serverforantivirus\serverforantivirus\x64\debug\serverfo.d853f388.tlog\link.command.1.tlog
c:\serverforantivirus\serverforantivirus\x64\debug\serverfo.d853f388.tlog\link.read.1.tlog
c:\serverforantivirus\serverforantivirus\x64\debug\serverfo.d853f388.tlog\link.read.2.tlog
c:\serverforantivirus\serverforantivirus\x64\debug\serverfo.d853f388.tlog\link.write.1.tlog
